-------------------------------------------------------------------------------
Test set: com.nicholaswkc.runner.CucumberTestSuite
-------------------------------------------------------------------------------
Tests run: 2, Failures: 0, Errors: 1, Skipped: 0, Time elapsed: 48.322 s <<< FAILURE! - in com.nicholaswkc.runner.CucumberTestSuite
com.nicholaswkc.runner.CucumberTestSuite  Time elapsed: 48.322 s  <<< ERROR!
java.lang.RuntimeException: 
java.io.IOException: HTTP request failed:
> PUT https://cucumber-messages-app-s3bucket-61aropwgu4ox.s3.eu-west-3.amazonaws.com/reports/44215963-ecdb-45cc-9afc-eb4b7d162f30?X-Amz-Algorithm=AWS4-HMAC-SHA256&X-Amz-Credential=ASIAWE4HTFKN2ZB6MSN7%2F20221021%2Feu-west-3%2Fs3%2Faws4_request&X-Amz-Date=20221021T010501Z&X-Amz-Expires=900&X-Amz-Security-Token=IQoJb3JpZ2luX2VjEJH%2F%2F%2F%2F%2F%2F%2F%2F%2F%2FwEaCWV1LXdlc3QtMyJIMEYCIQCYLokh9cSrvCoCPFroloWmxVLRTBLailyHGRIChTWIQAIhAOeE4v8AN5ccpVwC9riNr0nkbU2nvE6f1EHdlXDSWBCcKr0DCGoQAhoMNDIyODAxNzc5MzU1IgxacEK5AqBIEZLnisYqmgMOsJ1OIUJi%2BU03mxxui0PEwhr0L%2F8%2BNJX%2FZmWYfwP1iiI9Qs24nHNgozytpBdKe%2BgDGEsyc7IRP2Zc91Dg0cHQF%2B4zOd451p2B7T62aVSx7xgEfSYu3UwazEuFtMJ73o9zsF6rBBR%2FU9%2BZfqWpWjp0%2FailVdwgryKkhR8WFoUgNZbWd51L1ACIPn2rbQw1TDiVZfZvMOVUJ2%2FgUyAUnVOLvNAVp7vSvJvi7mWnzulXQmRyI3qjCgm6yLcg3amxLxDX2p9QFZ5pW26HLDMwuvKzg6dMnUbzQrQ4U5Yx8ecUDVcCI1NIUpGvSLTaA79f9J%2BWZRyfheS9qiksU3Mrna9au98r0pVSFk%2FtFseoaq9HQvpuspJhKkIn0TsEFJvtkRgkUk0TMeb8AhqmjP7ed%2FtkHEylMPrJ%2FL2rq3lR3vs7dvL65R%2F0F1bntT198MISCN2zhDCBBCWqT1drnlVgCH6dJvoNtVUCyYNu4dTzjwK0Wx9GZfc1S0ab%2FcnDYzJaYPAis9d3T8WsQPz%2FLO94c0ykiN62kA9xKDuMKjDI18eaBjqdAZWon5a1enVsYzUScWrWOwPnHQj%2BMMia7GEejqx8TYf%2FdeMLcVhGa1CRq5a9EVjmKiuIA8P6gHc00oFGesnrNCYlHKSs9bITxohV303Bdj5JnRQlsQgqF5K2NoFhGqRsm%2FIUp3PGW4kzw8m2LSgoP8BIGphko6DQN%2Ba3aRx02mMKft1AtGBpI%2FPjKjXJ0IVCPs1%2FkAAHaa8k2VKK7vA%3D&X-Amz-Signature=9368d8ad64794758bd14e959bbc8ac89b6952cafb175a1559ee474393d939e92&X-Amz-SignedHeaders=host


	at io.cucumber.core.plugin.MessageFormatter.writeMessage(MessageFormatter.java:32)
	at io.cucumber.core.eventbus.AbstractEventPublisher.send(AbstractEventPublisher.java:51)
	at io.cucumber.core.eventbus.AbstractEventBus.send(AbstractEventBus.java:12)
	at io.cucumber.core.runtime.SynchronizedEventBus.send(SynchronizedEventBus.java:47)
	at io.cucumber.core.runtime.CucumberExecutionContext.emitTestRunFinished(CucumberExecutionContext.java:117)
	at io.cucumber.core.runtime.CucumberExecutionContext.finishTestRun(CucumberExecutionContext.java:98)
	at io.cucumber.junit.CucumberSerenityRunner$RunCucumber.evaluate(CucumberSerenityRunner.java:291)
	at org.junit.runners.ParentRunner$3.evaluate(ParentRunner.java:306)
	at org.junit.runners.ParentRunner.run(ParentRunner.java:413)
	at org.junit.runner.JUnitCore.run(JUnitCore.java:137)
	at org.junit.runner.JUnitCore.run(JUnitCore.java:115)
	at org.junit.vintage.engine.execution.RunnerExecutor.execute(RunnerExecutor.java:42)
	at org.junit.vintage.engine.VintageTestEngine.executeAllChildren(VintageTestEngine.java:80)
	at org.junit.vintage.engine.VintageTestEngine.execute(VintageTestEngine.java:72)
	at org.junit.platform.launcher.core.EngineExecutionOrchestrator.execute(EngineExecutionOrchestrator.java:147)
	at org.junit.platform.launcher.core.EngineExecutionOrchestrator.execute(EngineExecutionOrchestrator.java:127)
	at org.junit.platform.launcher.core.EngineExecutionOrchestrator.execute(EngineExecutionOrchestrator.java:90)
	at org.junit.platform.launcher.core.EngineExecutionOrchestrator.lambda$execute$0(EngineExecutionOrchestrator.java:55)
	at org.junit.platform.launcher.core.EngineExecutionOrchestrator.withInterceptedStreams(EngineExecutionOrchestrator.java:102)
	at org.junit.platform.launcher.core.EngineExecutionOrchestrator.execute(EngineExecutionOrchestrator.java:54)
	at org.junit.platform.launcher.core.DefaultLauncher.execute(DefaultLauncher.java:114)
	at org.junit.platform.launcher.core.DefaultLauncher.execute(DefaultLauncher.java:86)
	at org.junit.platform.launcher.core.DefaultLauncherSession$DelegatingLauncher.execute(DefaultLauncherSession.java:86)
	at org.apache.maven.surefire.junitplatform.LazyLauncher.execute(LazyLauncher.java:55)
	at org.apache.maven.surefire.junitplatform.JUnitPlatformProvider.execute(JUnitPlatformProvider.java:223)
	at org.apache.maven.surefire.junitplatform.JUnitPlatformProvider.invokeAllTests(JUnitPlatformProvider.java:175)
	at org.apache.maven.surefire.junitplatform.JUnitPlatformProvider.invoke(JUnitPlatformProvider.java:139)
	at org.apache.maven.surefire.booter.ForkedBooter.runSuitesInProcess(ForkedBooter.java:456)
	at org.apache.maven.surefire.booter.ForkedBooter.execute(ForkedBooter.java:169)
	at org.apache.maven.surefire.booter.ForkedBooter.run(ForkedBooter.java:595)
	at org.apache.maven.surefire.booter.ForkedBooter.main(ForkedBooter.java:581)
Caused by: java.io.IOException: HTTP request failed:
> PUT https://cucumber-messages-app-s3bucket-61aropwgu4ox.s3.eu-west-3.amazonaws.com/reports/44215963-ecdb-45cc-9afc-eb4b7d162f30?X-Amz-Algorithm=AWS4-HMAC-SHA256&X-Amz-Credential=ASIAWE4HTFKN2ZB6MSN7%2F20221021%2Feu-west-3%2Fs3%2Faws4_request&X-Amz-Date=20221021T010501Z&X-Amz-Expires=900&X-Amz-Security-Token=IQoJb3JpZ2luX2VjEJH%2F%2F%2F%2F%2F%2F%2F%2F%2F%2FwEaCWV1LXdlc3QtMyJIMEYCIQCYLokh9cSrvCoCPFroloWmxVLRTBLailyHGRIChTWIQAIhAOeE4v8AN5ccpVwC9riNr0nkbU2nvE6f1EHdlXDSWBCcKr0DCGoQAhoMNDIyODAxNzc5MzU1IgxacEK5AqBIEZLnisYqmgMOsJ1OIUJi%2BU03mxxui0PEwhr0L%2F8%2BNJX%2FZmWYfwP1iiI9Qs24nHNgozytpBdKe%2BgDGEsyc7IRP2Zc91Dg0cHQF%2B4zOd451p2B7T62aVSx7xgEfSYu3UwazEuFtMJ73o9zsF6rBBR%2FU9%2BZfqWpWjp0%2FailVdwgryKkhR8WFoUgNZbWd51L1ACIPn2rbQw1TDiVZfZvMOVUJ2%2FgUyAUnVOLvNAVp7vSvJvi7mWnzulXQmRyI3qjCgm6yLcg3amxLxDX2p9QFZ5pW26HLDMwuvKzg6dMnUbzQrQ4U5Yx8ecUDVcCI1NIUpGvSLTaA79f9J%2BWZRyfheS9qiksU3Mrna9au98r0pVSFk%2FtFseoaq9HQvpuspJhKkIn0TsEFJvtkRgkUk0TMeb8AhqmjP7ed%2FtkHEylMPrJ%2FL2rq3lR3vs7dvL65R%2F0F1bntT198MISCN2zhDCBBCWqT1drnlVgCH6dJvoNtVUCyYNu4dTzjwK0Wx9GZfc1S0ab%2FcnDYzJaYPAis9d3T8WsQPz%2FLO94c0ykiN62kA9xKDuMKjDI18eaBjqdAZWon5a1enVsYzUScWrWOwPnHQj%2BMMia7GEejqx8TYf%2FdeMLcVhGa1CRq5a9EVjmKiuIA8P6gHc00oFGesnrNCYlHKSs9bITxohV303Bdj5JnRQlsQgqF5K2NoFhGqRsm%2FIUp3PGW4kzw8m2LSgoP8BIGphko6DQN%2Ba3aRx02mMKft1AtGBpI%2FPjKjXJ0IVCPs1%2FkAAHaa8k2VKK7vA%3D&X-Amz-Signature=9368d8ad64794758bd14e959bbc8ac89b6952cafb175a1559ee474393d939e92&X-Amz-SignedHeaders=host


	at io.cucumber.core.plugin.UrlOutputStream.createCurlLikeException(UrlOutputStream.java:150)
	at io.cucumber.core.plugin.UrlOutputStream.sendRequestBody(UrlOutputStream.java:116)
	at io.cucumber.core.plugin.UrlOutputStream.sendRequest(UrlOutputStream.java:94)
	at io.cucumber.core.plugin.UrlOutputStream.sendRequest(UrlOutputStream.java:90)
	at io.cucumber.core.plugin.UrlOutputStream.close(UrlOutputStream.java:65)
	at java.base/sun.nio.cs.StreamEncoder.implClose(StreamEncoder.java:353)
	at java.base/sun.nio.cs.StreamEncoder.close(StreamEncoder.java:168)
	at java.base/java.io.OutputStreamWriter.close(OutputStreamWriter.java:258)
	at io.cucumber.core.plugin.MessageFormatter.writeMessage(MessageFormatter.java:29)
	... 30 more
Caused by: javax.net.ssl.SSLException: A connection attempt failed because the connected party did not properly respond after a period of time, or established connection failed because connected host has failed to respond
	at java.base/sun.security.ssl.Alert.createSSLException(Alert.java:127)
	at java.base/sun.security.ssl.TransportContext.fatal(TransportContext.java:324)
	at java.base/sun.security.ssl.TransportContext.fatal(TransportContext.java:267)
	at java.base/sun.security.ssl.TransportContext.fatal(TransportContext.java:262)
	at java.base/sun.security.ssl.SSLTransport.decode(SSLTransport.java:137)
	at java.base/sun.security.ssl.SSLSocketImpl.decode(SSLSocketImpl.java:1460)
	at java.base/sun.security.ssl.SSLSocketImpl.readHandshakeRecord(SSLSocketImpl.java:1368)
	at java.base/sun.security.ssl.SSLSocketImpl.startHandshake(SSLSocketImpl.java:437)
	at java.base/sun.net.www.protocol.https.HttpsClient.afterConnect(HttpsClient.java:567)
	at java.base/sun.net.www.protocol.https.AbstractDelegateHttpsURLConnection.connect(AbstractDelegateHttpsURLConnection.java:171)
	at java.base/sun.net.www.protocol.http.HttpURLConnection.getOutputStream0(HttpURLConnection.java:1362)
	at java.base/sun.net.www.protocol.http.HttpURLConnection.getOutputStream(HttpURLConnection.java:1337)
	at java.base/sun.net.www.protocol.https.HttpsURLConnectionImpl.getOutputStream(HttpsURLConnectionImpl.java:220)
	at io.cucumber.core.plugin.UrlOutputStream.sendRequestBody(UrlOutputStream.java:111)
	... 37 more
	Suppressed: java.net.SocketException: Connection reset by peer
		at java.base/sun.nio.ch.NioSocketImpl.implWrite(NioSocketImpl.java:421)
		at java.base/sun.nio.ch.NioSocketImpl.write(NioSocketImpl.java:441)
		at java.base/sun.nio.ch.NioSocketImpl$2.write(NioSocketImpl.java:825)
		at java.base/java.net.Socket$SocketOutputStream.write(Socket.java:1007)
		at java.base/sun.security.ssl.SSLSocketOutputRecord.encodeAlert(SSLSocketOutputRecord.java:82)
		at java.base/sun.security.ssl.TransportContext.fatal(TransportContext.java:355)
		... 49 more
Caused by: java.net.SocketException: A connection attempt failed because the connected party did not properly respond after a period of time, or established connection failed because connected host has failed to respond
	at java.base/sun.nio.ch.NioSocketImpl.implRead(NioSocketImpl.java:326)
	at java.base/sun.nio.ch.NioSocketImpl.read(NioSocketImpl.java:351)
	at java.base/sun.nio.ch.NioSocketImpl$1.read(NioSocketImpl.java:802)
	at java.base/java.net.Socket$SocketInputStream.read(Socket.java:937)
	at java.base/sun.security.ssl.SSLSocketInputRecord.read(SSLSocketInputRecord.java:450)
	at java.base/sun.security.ssl.SSLSocketInputRecord.decode(SSLSocketInputRecord.java:165)
	at java.base/sun.security.ssl.SSLTransport.decode(SSLTransport.java:108)
	... 46 more

